#-----------------------------------------------------------
# Vivado v2019.2.1 (64-bit)
# SW Build 2729669 on Thu Dec  5 04:49:17 MST 2019
# IP Build 2729494 on Thu Dec  5 07:38:25 MST 2019
# Start of session at: Tue Aug 30 16:21:43 2022
# Process ID: 23924
# Current directory: H:/Documents/EECS140-Lab/lab1/project_1
# Command line: vivado.exe -gui_launcher_event rodinguilauncherevent23032 H:\Documents\EECS140-Lab\lab1\project_1\project_1.xpr
# Log file: H:/Documents/EECS140-Lab/lab1/project_1/vivado.log
# Journal file: H:/Documents/EECS140-Lab/lab1/project_1\vivado.jou
#-----------------------------------------------------------
start_gui
open_project H:/Documents/EECS140-Lab/lab1/project_1/project_1.xpr
Scanning sources...
Finished scanning sources
INFO: [IP_Flow 19-234] Refreshing IP repositories
INFO: [IP_Flow 19-1704] No user IP repositories specified
INFO: [IP_Flow 19-2313] Loaded Vivado IP repository 'C:/Xilinx/Vivado/2019.2/data/ip'.
open_project: Time (s): cpu = 00:00:23 ; elapsed = 00:00:15 . Memory (MB): peak = 859.305 ; gain = 242.309
update_compile_order -fileset sources_1
WARNING: [Common 17-9] Error reading message records.
WARNING: [Common 17-9] Error reading message records.
WARNING: [Common 17-9] Error reading message records.
WARNING: [Common 17-9] Error reading message records.
WARNING: [Common 17-9] Error reading message records.
WARNING: [Common 17-9] Error reading message records.
WARNING: [Common 17-9] Error reading message records.
WARNING: [Common 17-9] Error reading message records.
WARNING: [Common 17-9] Error reading message records.
WARNING: [Common 17-9] Error reading message records.
